[Fri Dec 15 15:09:15.441211 2023] [ssl:warn] [pid 20752:tid 404] AH01909: www.example.com:443:0 server certificate does NOT include an ID which matches the server name
[Fri Dec 15 15:09:15.515283 2023] [ssl:warn] [pid 20752:tid 404] AH01909: www.example.com:443:0 server certificate does NOT include an ID which matches the server name
[Fri Dec 15 15:09:15.894275 2023] [mpm_winnt:notice] [pid 20752:tid 404] AH00455: Apache/2.4.58 (Win64) OpenSSL/3.1.3 PHP/8.2.12 configured -- resuming normal operations
[Fri Dec 15 15:09:15.894275 2023] [mpm_winnt:notice] [pid 20752:tid 404] AH00456: Apache Lounge VS17 Server built: Oct 18 2023 13:03:18
[Fri Dec 15 15:09:15.894275 2023] [core:notice] [pid 20752:tid 404] AH00094: Command line: 'c:\\users\\sameer\\onedrive\\desktop\\nn\\apache\\bin\\httpd.exe -d C:/Users/SAMEER/OneDrive/Desktop/nn/apache'
[Fri Dec 15 15:09:15.908359 2023] [mpm_winnt:notice] [pid 20752:tid 404] AH00418: Parent: Created child process 2376
[Fri Dec 15 15:09:16.320469 2023] [ssl:warn] [pid 2376:tid 220] AH01909: www.example.com:443:0 server certificate does NOT include an ID which matches the server name
[Fri Dec 15 15:09:16.384005 2023] [ssl:warn] [pid 2376:tid 220] AH01909: www.example.com:443:0 server certificate does NOT include an ID which matches the server name
[Fri Dec 15 15:09:16.432374 2023] [mpm_winnt:notice] [pid 2376:tid 220] AH00354: Child: Starting 150 worker threads.
[Fri Dec 15 15:17:40.452525 2023] [ssl:warn] [pid 20832:tid 396] AH01909: www.example.com:443:0 server certificate does NOT include an ID which matches the server name
[Fri Dec 15 15:17:40.517511 2023] [core:warn] [pid 20832:tid 396] AH00098: pid file C:/Users/SAMEER/OneDrive/Desktop/nn/apache/logs/httpd.pid overwritten -- Unclean shutdown of previous Apache run?
[Fri Dec 15 15:17:40.520824 2023] [ssl:warn] [pid 20832:tid 396] AH01909: www.example.com:443:0 server certificate does NOT include an ID which matches the server name
[Fri Dec 15 15:17:40.565871 2023] [mpm_winnt:notice] [pid 20832:tid 396] AH00455: Apache/2.4.58 (Win64) OpenSSL/3.1.3 PHP/8.2.12 configured -- resuming normal operations
[Fri Dec 15 15:17:40.565871 2023] [mpm_winnt:notice] [pid 20832:tid 396] AH00456: Apache Lounge VS17 Server built: Oct 18 2023 13:03:18
[Fri Dec 15 15:17:40.565871 2023] [core:notice] [pid 20832:tid 396] AH00094: Command line: 'c:\\users\\sameer\\onedrive\\desktop\\nn\\apache\\bin\\httpd.exe -d C:/Users/SAMEER/OneDrive/Desktop/nn/apache'
[Fri Dec 15 15:17:40.574060 2023] [mpm_winnt:notice] [pid 20832:tid 396] AH00418: Parent: Created child process 10880
[Fri Dec 15 15:17:40.972002 2023] [ssl:warn] [pid 10880:tid 368] AH01909: www.example.com:443:0 server certificate does NOT include an ID which matches the server name
[Fri Dec 15 15:17:41.030824 2023] [ssl:warn] [pid 10880:tid 368] AH01909: www.example.com:443:0 server certificate does NOT include an ID which matches the server name
[Fri Dec 15 15:17:41.079612 2023] [mpm_winnt:notice] [pid 10880:tid 368] AH00354: Child: Starting 150 worker threads.
[Fri Dec 15 15:51:44.552977 2023] [php:warn] [pid 10880:tid 1984] [client ::1:50859] PHP Warning:  Trying to access array offset on value of type bool in C:\\Users\\SAMEER\\OneDrive\\Desktop\\nn\\htdocs\\wordpress\\wp-content\\plugins\\hm-resume-manager\\admin\\view\\personal-info.php on line 53, referer: http://localhost:7880/
[Fri Dec 15 15:51:44.554097 2023] [php:warn] [pid 10880:tid 1984] [client ::1:50859] PHP Warning:  Trying to access array offset on value of type bool in C:\\Users\\SAMEER\\OneDrive\\Desktop\\nn\\htdocs\\wordpress\\wp-content\\plugins\\hm-resume-manager\\admin\\view\\personal-info.php on line 65, referer: http://localhost:7880/
[Fri Dec 15 15:51:44.555150 2023] [php:warn] [pid 10880:tid 1984] [client ::1:50859] PHP Warning:  Trying to access array offset on value of type bool in C:\\Users\\SAMEER\\OneDrive\\Desktop\\nn\\htdocs\\wordpress\\wp-content\\plugins\\hm-resume-manager\\admin\\view\\personal-info.php on line 74, referer: http://localhost:7880/
[Fri Dec 15 15:51:44.555613 2023] [php:warn] [pid 10880:tid 1984] [client ::1:50859] PHP Warning:  Trying to access array offset on value of type bool in C:\\Users\\SAMEER\\OneDrive\\Desktop\\nn\\htdocs\\wordpress\\wp-content\\plugins\\hm-resume-manager\\admin\\view\\personal-info.php on line 85, referer: http://localhost:7880/
[Fri Dec 15 15:51:44.555676 2023] [php:warn] [pid 10880:tid 1984] [client ::1:50859] PHP Warning:  Trying to access array offset on value of type bool in C:\\Users\\SAMEER\\OneDrive\\Desktop\\nn\\htdocs\\wordpress\\wp-content\\plugins\\hm-resume-manager\\admin\\view\\personal-info.php on line 96, referer: http://localhost:7880/
[Fri Dec 15 15:51:44.555676 2023] [php:warn] [pid 10880:tid 1984] [client ::1:50859] PHP Warning:  Trying to access array offset on value of type bool in C:\\Users\\SAMEER\\OneDrive\\Desktop\\nn\\htdocs\\wordpress\\wp-content\\plugins\\hm-resume-manager\\admin\\view\\personal-info.php on line 105, referer: http://localhost:7880/
[Fri Dec 15 15:51:44.555676 2023] [php:warn] [pid 10880:tid 1984] [client ::1:50859] PHP Warning:  Trying to access array offset on value of type bool in C:\\Users\\SAMEER\\OneDrive\\Desktop\\nn\\htdocs\\wordpress\\wp-content\\plugins\\hm-resume-manager\\admin\\view\\personal-info.php on line 114, referer: http://localhost:7880/
[Fri Dec 15 15:51:44.555676 2023] [php:warn] [pid 10880:tid 1984] [client ::1:50859] PHP Warning:  Trying to access array offset on value of type bool in C:\\Users\\SAMEER\\OneDrive\\Desktop\\nn\\htdocs\\wordpress\\wp-content\\plugins\\hm-resume-manager\\admin\\view\\personal-info.php on line 123, referer: http://localhost:7880/
[Fri Dec 15 15:51:44.555676 2023] [php:warn] [pid 10880:tid 1984] [client ::1:50859] PHP Warning:  Trying to access array offset on value of type bool in C:\\Users\\SAMEER\\OneDrive\\Desktop\\nn\\htdocs\\wordpress\\wp-content\\plugins\\hm-resume-manager\\admin\\view\\personal-info.php on line 134, referer: http://localhost:7880/
[Fri Dec 15 15:51:44.555676 2023] [php:warn] [pid 10880:tid 1984] [client ::1:50859] PHP Warning:  Trying to access array offset on value of type bool in C:\\Users\\SAMEER\\OneDrive\\Desktop\\nn\\htdocs\\wordpress\\wp-content\\plugins\\hm-resume-manager\\admin\\view\\personal-info.php on line 147, referer: http://localhost:7880/
[Fri Dec 15 15:51:44.555676 2023] [php:warn] [pid 10880:tid 1984] [client ::1:50859] PHP Warning:  Trying to access array offset on value of type bool in C:\\Users\\SAMEER\\OneDrive\\Desktop\\nn\\htdocs\\wordpress\\wp-content\\plugins\\hm-resume-manager\\admin\\view\\personal-info.php on line 152, referer: http://localhost:7880/
[Fri Dec 15 15:57:31.883844 2023] [php:warn] [pid 10880:tid 1952] [client ::1:51057] PHP Warning:  Trying to access array offset on value of type bool in C:\\Users\\SAMEER\\OneDrive\\Desktop\\nn\\htdocs\\wordpress\\wp-content\\plugins\\hm-resume-manager\\admin\\view\\personal-info.php on line 53, referer: http://localhost:7880/wordpress/wp-admin/
[Fri Dec 15 15:57:31.883844 2023] [php:warn] [pid 10880:tid 1952] [client ::1:51057] PHP Warning:  Trying to access array offset on value of type bool in C:\\Users\\SAMEER\\OneDrive\\Desktop\\nn\\htdocs\\wordpress\\wp-content\\plugins\\hm-resume-manager\\admin\\view\\personal-info.php on line 65, referer: http://localhost:7880/wordpress/wp-admin/
[Fri Dec 15 15:57:31.883844 2023] [php:warn] [pid 10880:tid 1952] [client ::1:51057] PHP Warning:  Trying to access array offset on value of type bool in C:\\Users\\SAMEER\\OneDrive\\Desktop\\nn\\htdocs\\wordpress\\wp-content\\plugins\\hm-resume-manager\\admin\\view\\personal-info.php on line 74, referer: http://localhost:7880/wordpress/wp-admin/
[Fri Dec 15 15:57:31.883844 2023] [php:warn] [pid 10880:tid 1952] [client ::1:51057] PHP Warning:  Trying to access array offset on value of type bool in C:\\Users\\SAMEER\\OneDrive\\Desktop\\nn\\htdocs\\wordpress\\wp-content\\plugins\\hm-resume-manager\\admin\\view\\personal-info.php on line 85, referer: http://localhost:7880/wordpress/wp-admin/
[Fri Dec 15 15:57:31.883844 2023] [php:warn] [pid 10880:tid 1952] [client ::1:51057] PHP Warning:  Trying to access array offset on value of type bool in C:\\Users\\SAMEER\\OneDrive\\Desktop\\nn\\htdocs\\wordpress\\wp-content\\plugins\\hm-resume-manager\\admin\\view\\personal-info.php on line 96, referer: http://localhost:7880/wordpress/wp-admin/
[Fri Dec 15 15:57:31.885196 2023] [php:warn] [pid 10880:tid 1952] [client ::1:51057] PHP Warning:  Trying to access array offset on value of type bool in C:\\Users\\SAMEER\\OneDrive\\Desktop\\nn\\htdocs\\wordpress\\wp-content\\plugins\\hm-resume-manager\\admin\\view\\personal-info.php on line 105, referer: http://localhost:7880/wordpress/wp-admin/
[Fri Dec 15 15:57:31.885196 2023] [php:warn] [pid 10880:tid 1952] [client ::1:51057] PHP Warning:  Trying to access array offset on value of type bool in C:\\Users\\SAMEER\\OneDrive\\Desktop\\nn\\htdocs\\wordpress\\wp-content\\plugins\\hm-resume-manager\\admin\\view\\personal-info.php on line 114, referer: http://localhost:7880/wordpress/wp-admin/
[Fri Dec 15 15:57:31.885196 2023] [php:warn] [pid 10880:tid 1952] [client ::1:51057] PHP Warning:  Trying to access array offset on value of type bool in C:\\Users\\SAMEER\\OneDrive\\Desktop\\nn\\htdocs\\wordpress\\wp-content\\plugins\\hm-resume-manager\\admin\\view\\personal-info.php on line 123, referer: http://localhost:7880/wordpress/wp-admin/
[Fri Dec 15 15:57:31.885196 2023] [php:warn] [pid 10880:tid 1952] [client ::1:51057] PHP Warning:  Trying to access array offset on value of type bool in C:\\Users\\SAMEER\\OneDrive\\Desktop\\nn\\htdocs\\wordpress\\wp-content\\plugins\\hm-resume-manager\\admin\\view\\personal-info.php on line 134, referer: http://localhost:7880/wordpress/wp-admin/
[Fri Dec 15 15:57:31.889562 2023] [php:warn] [pid 10880:tid 1952] [client ::1:51057] PHP Warning:  Trying to access array offset on value of type bool in C:\\Users\\SAMEER\\OneDrive\\Desktop\\nn\\htdocs\\wordpress\\wp-content\\plugins\\hm-resume-manager\\admin\\view\\personal-info.php on line 147, referer: http://localhost:7880/wordpress/wp-admin/
[Fri Dec 15 15:57:31.889562 2023] [php:warn] [pid 10880:tid 1952] [client ::1:51057] PHP Warning:  Trying to access array offset on value of type bool in C:\\Users\\SAMEER\\OneDrive\\Desktop\\nn\\htdocs\\wordpress\\wp-content\\plugins\\hm-resume-manager\\admin\\view\\personal-info.php on line 152, referer: http://localhost:7880/wordpress/wp-admin/
[Fri Dec 15 15:57:35.304710 2023] [php:warn] [pid 10880:tid 1952] [client ::1:51057] PHP Warning:  Trying to access array offset on value of type bool in C:\\Users\\SAMEER\\OneDrive\\Desktop\\nn\\htdocs\\wordpress\\wp-content\\plugins\\hm-resume-manager\\admin\\view\\personal-info.php on line 53, referer: http://localhost:7880/wordpress/wp-admin/admin.php?page=hmrm-admin-panel
[Fri Dec 15 15:57:35.307890 2023] [php:warn] [pid 10880:tid 1952] [client ::1:51057] PHP Warning:  Trying to access array offset on value of type bool in C:\\Users\\SAMEER\\OneDrive\\Desktop\\nn\\htdocs\\wordpress\\wp-content\\plugins\\hm-resume-manager\\admin\\view\\personal-info.php on line 65, referer: http://localhost:7880/wordpress/wp-admin/admin.php?page=hmrm-admin-panel
[Fri Dec 15 15:57:35.307890 2023] [php:warn] [pid 10880:tid 1952] [client ::1:51057] PHP Warning:  Trying to access array offset on value of type bool in C:\\Users\\SAMEER\\OneDrive\\Desktop\\nn\\htdocs\\wordpress\\wp-content\\plugins\\hm-resume-manager\\admin\\view\\personal-info.php on line 74, referer: http://localhost:7880/wordpress/wp-admin/admin.php?page=hmrm-admin-panel
[Fri Dec 15 15:57:35.307890 2023] [php:warn] [pid 10880:tid 1952] [client ::1:51057] PHP Warning:  Trying to access array offset on value of type bool in C:\\Users\\SAMEER\\OneDrive\\Desktop\\nn\\htdocs\\wordpress\\wp-content\\plugins\\hm-resume-manager\\admin\\view\\personal-info.php on line 85, referer: http://localhost:7880/wordpress/wp-admin/admin.php?page=hmrm-admin-panel
[Fri Dec 15 15:57:35.308896 2023] [php:warn] [pid 10880:tid 1952] [client ::1:51057] PHP Warning:  Trying to access array offset on value of type bool in C:\\Users\\SAMEER\\OneDrive\\Desktop\\nn\\htdocs\\wordpress\\wp-content\\plugins\\hm-resume-manager\\admin\\view\\personal-info.php on line 96, referer: http://localhost:7880/wordpress/wp-admin/admin.php?page=hmrm-admin-panel
[Fri Dec 15 15:57:35.308896 2023] [php:warn] [pid 10880:tid 1952] [client ::1:51057] PHP Warning:  Trying to access array offset on value of type bool in C:\\Users\\SAMEER\\OneDrive\\Desktop\\nn\\htdocs\\wordpress\\wp-content\\plugins\\hm-resume-manager\\admin\\view\\personal-info.php on line 105, referer: http://localhost:7880/wordpress/wp-admin/admin.php?page=hmrm-admin-panel
[Fri Dec 15 15:57:35.308896 2023] [php:warn] [pid 10880:tid 1952] [client ::1:51057] PHP Warning:  Trying to access array offset on value of type bool in C:\\Users\\SAMEER\\OneDrive\\Desktop\\nn\\htdocs\\wordpress\\wp-content\\plugins\\hm-resume-manager\\admin\\view\\personal-info.php on line 114, referer: http://localhost:7880/wordpress/wp-admin/admin.php?page=hmrm-admin-panel
[Fri Dec 15 15:57:35.308896 2023] [php:warn] [pid 10880:tid 1952] [client ::1:51057] PHP Warning:  Trying to access array offset on value of type bool in C:\\Users\\SAMEER\\OneDrive\\Desktop\\nn\\htdocs\\wordpress\\wp-content\\plugins\\hm-resume-manager\\admin\\view\\personal-info.php on line 123, referer: http://localhost:7880/wordpress/wp-admin/admin.php?page=hmrm-admin-panel
[Fri Dec 15 15:57:35.308896 2023] [php:warn] [pid 10880:tid 1952] [client ::1:51057] PHP Warning:  Trying to access array offset on value of type bool in C:\\Users\\SAMEER\\OneDrive\\Desktop\\nn\\htdocs\\wordpress\\wp-content\\plugins\\hm-resume-manager\\admin\\view\\personal-info.php on line 134, referer: http://localhost:7880/wordpress/wp-admin/admin.php?page=hmrm-admin-panel
[Fri Dec 15 15:57:35.308896 2023] [php:warn] [pid 10880:tid 1952] [client ::1:51057] PHP Warning:  Trying to access array offset on value of type bool in C:\\Users\\SAMEER\\OneDrive\\Desktop\\nn\\htdocs\\wordpress\\wp-content\\plugins\\hm-resume-manager\\admin\\view\\personal-info.php on line 147, referer: http://localhost:7880/wordpress/wp-admin/admin.php?page=hmrm-admin-panel
[Fri Dec 15 15:57:35.308896 2023] [php:warn] [pid 10880:tid 1952] [client ::1:51057] PHP Warning:  Trying to access array offset on value of type bool in C:\\Users\\SAMEER\\OneDrive\\Desktop\\nn\\htdocs\\wordpress\\wp-content\\plugins\\hm-resume-manager\\admin\\view\\personal-info.php on line 152, referer: http://localhost:7880/wordpress/wp-admin/admin.php?page=hmrm-admin-panel
[Fri Dec 15 16:07:59.844261 2023] [php:warn] [pid 10880:tid 1988] [client ::1:51349] PHP Warning:  Undefined variable $i in C:\\Users\\SAMEER\\OneDrive\\Desktop\\nn\\htdocs\\wordpress\\wp-content\\plugins\\hm-resume-manager\\admin\\view\\skills.php on line 87, referer: http://localhost:7880/wordpress/wp-admin/admin.php?page=hmrm-personal-info-settings
[Fri Dec 15 16:07:59.844261 2023] [php:warn] [pid 10880:tid 1988] [client ::1:51349] PHP Warning:  Undefined variable $i in C:\\Users\\SAMEER\\OneDrive\\Desktop\\nn\\htdocs\\wordpress\\wp-content\\plugins\\hm-resume-manager\\admin\\view\\skills.php on line 98, referer: http://localhost:7880/wordpress/wp-admin/admin.php?page=hmrm-personal-info-settings
[Fri Dec 15 16:22:32.512398 2023] [php:warn] [pid 10880:tid 1980] [client ::1:51711] PHP Warning:  Trying to access array offset on value of type bool in C:\\Users\\SAMEER\\OneDrive\\Desktop\\nn\\htdocs\\wordpress\\wp-content\\plugins\\hm-resume-manager\\admin\\view\\style.php on line 43, referer: http://localhost:7880/wordpress/wp-admin/admin.php?page=hmrm-experience-settings
[Fri Dec 15 16:22:32.513932 2023] [php:warn] [pid 10880:tid 1980] [client ::1:51711] PHP Warning:  Trying to access array offset on value of type bool in C:\\Users\\SAMEER\\OneDrive\\Desktop\\nn\\htdocs\\wordpress\\wp-content\\plugins\\hm-resume-manager\\admin\\view\\style.php on line 53, referer: http://localhost:7880/wordpress/wp-admin/admin.php?page=hmrm-experience-settings
[Fri Dec 15 16:22:32.513932 2023] [php:warn] [pid 10880:tid 1980] [client ::1:51711] PHP Warning:  Trying to access array offset on value of type bool in C:\\Users\\SAMEER\\OneDrive\\Desktop\\nn\\htdocs\\wordpress\\wp-content\\plugins\\hm-resume-manager\\admin\\view\\style.php on line 64, referer: http://localhost:7880/wordpress/wp-admin/admin.php?page=hmrm-experience-settings
[Fri Dec 15 16:22:32.515019 2023] [php:warn] [pid 10880:tid 1980] [client ::1:51711] PHP Warning:  Trying to access array offset on value of type bool in C:\\Users\\SAMEER\\OneDrive\\Desktop\\nn\\htdocs\\wordpress\\wp-content\\plugins\\hm-resume-manager\\admin\\view\\style.php on line 74, referer: http://localhost:7880/wordpress/wp-admin/admin.php?page=hmrm-experience-settings
[Fri Dec 15 16:22:32.515019 2023] [php:warn] [pid 10880:tid 1980] [client ::1:51711] PHP Warning:  Trying to access array offset on value of type bool in C:\\Users\\SAMEER\\OneDrive\\Desktop\\nn\\htdocs\\wordpress\\wp-content\\plugins\\hm-resume-manager\\admin\\view\\style.php on line 84, referer: http://localhost:7880/wordpress/wp-admin/admin.php?page=hmrm-experience-settings
[Sat Dec 16 09:31:14.787006 2023] [ssl:warn] [pid 19348:tid 348] AH01909: www.example.com:443:0 server certificate does NOT include an ID which matches the server name
[Sat Dec 16 09:31:14.857750 2023] [core:warn] [pid 19348:tid 348] AH00098: pid file C:/Users/SAMEER/OneDrive/Desktop/nn/apache/logs/httpd.pid overwritten -- Unclean shutdown of previous Apache run?
[Sat Dec 16 09:31:14.861126 2023] [ssl:warn] [pid 19348:tid 348] AH01909: www.example.com:443:0 server certificate does NOT include an ID which matches the server name
[Sat Dec 16 09:31:15.290746 2023] [mpm_winnt:notice] [pid 19348:tid 348] AH00455: Apache/2.4.58 (Win64) OpenSSL/3.1.3 PHP/8.2.12 configured -- resuming normal operations
[Sat Dec 16 09:31:15.290746 2023] [mpm_winnt:notice] [pid 19348:tid 348] AH00456: Apache Lounge VS17 Server built: Oct 18 2023 13:03:18
[Sat Dec 16 09:31:15.290746 2023] [core:notice] [pid 19348:tid 348] AH00094: Command line: 'c:\\users\\sameer\\onedrive\\desktop\\nn\\apache\\bin\\httpd.exe -d C:/Users/SAMEER/OneDrive/Desktop/nn/apache'
[Sat Dec 16 09:31:15.307377 2023] [mpm_winnt:notice] [pid 19348:tid 348] AH00418: Parent: Created child process 15984
[Sat Dec 16 09:31:15.679472 2023] [ssl:warn] [pid 15984:tid 332] AH01909: www.example.com:443:0 server certificate does NOT include an ID which matches the server name
[Sat Dec 16 09:31:15.742502 2023] [ssl:warn] [pid 15984:tid 332] AH01909: www.example.com:443:0 server certificate does NOT include an ID which matches the server name
[Sat Dec 16 09:31:15.797562 2023] [mpm_winnt:notice] [pid 15984:tid 332] AH00354: Child: Starting 150 worker threads.
[Sat Dec 16 10:00:11.043948 2023] [php:warn] [pid 15984:tid 1884] [client ::1:51211] PHP Warning:  Undefined variable $arrShort in C:\\Users\\SAMEER\\OneDrive\\Desktop\\nn\\htdocs\\wordpress\\wp-content\\plugins\\blox-page-builder\\provider\\provider_layouts.class.php on line 101, referer: http://localhost:7880/wordpress/resume-2/
[Sat Dec 16 10:00:11.048064 2023] [php:error] [pid 15984:tid 1884] [client ::1:51211] PHP Fatal error:  Uncaught TypeError: array_merge(): Argument #2 must be of type array, null given in C:\\Users\\SAMEER\\OneDrive\\Desktop\\nn\\htdocs\\wordpress\\wp-content\\plugins\\blox-page-builder\\provider\\provider_layouts.class.php:212\nStack trace:\n#0 C:\\Users\\SAMEER\\OneDrive\\Desktop\\nn\\htdocs\\wordpress\\wp-content\\plugins\\blox-page-builder\\provider\\provider_layouts.class.php(212): array_merge(Array, NULL)\n#1 C:\\Users\\SAMEER\\OneDrive\\Desktop\\nn\\htdocs\\wordpress\\wp-content\\plugins\\blox-page-builder\\provider\\widget_layout.class.php(24): UniteCreatorLayouts->getArrLayoutsShort(true, Array, 'layout_general')\n#2 C:\\Users\\SAMEER\\OneDrive\\Desktop\\nn\\htdocs\\wordpress\\wp-includes\\class-wp-widget.php(535): Blox_WidgetLayout->form(Array)\n#3 C:\\Users\\SAMEER\\OneDrive\\Desktop\\nn\\htdocs\\wordpress\\wp-admin\\includes\\widgets.php(276): WP_Widget->form_callback(Array)\n#4 C:\\Users\\SAMEER\\OneDrive\\Desktop\\nn\\htdocs\\wordpress\\wp-includes\\class-wp-customize-widgets.php(1148): wp_widget_control(Array, Array)\n#5 C:\\Users\\SAMEER\\OneDrive\\Desktop\\nn\\htdocs\\wordpress\\wp-includes\\class-wp-customize-widgets.php(1096): WP_Customize_Widgets->get_widget_control(Array)\n#6 C:\\Users\\SAMEER\\OneDrive\\Desktop\\nn\\htdocs\\wordpress\\wp-includes\\class-wp-customize-widgets.php(714): WP_Customize_Widgets->get_available_widgets()\n#7 C:\\Users\\SAMEER\\OneDrive\\Desktop\\nn\\htdocs\\wordpress\\wp-includes\\class-wp-hook.php(324): WP_Customize_Widgets->enqueue_scripts('')\n#8 C:\\Users\\SAMEER\\OneDrive\\Desktop\\nn\\htdocs\\wordpress\\wp-includes\\class-wp-hook.php(348): WP_Hook->apply_filters(NULL, Array)\n#9 C:\\Users\\SAMEER\\OneDrive\\Desktop\\nn\\htdocs\\wordpress\\wp-includes\\plugin.php(517): WP_Hook->do_action(Array)\n#10 C:\\Users\\SAMEER\\OneDrive\\Desktop\\nn\\htdocs\\wordpress\\wp-admin\\customize.php(123): do_action('customize_contr...')\n#11 {main}\n  thrown in C:\\Users\\SAMEER\\OneDrive\\Desktop\\nn\\htdocs\\wordpress\\wp-content\\plugins\\blox-page-builder\\provider\\provider_layouts.class.php on line 212, referer: http://localhost:7880/wordpress/resume-2/
[Sat Dec 16 19:36:08.837363 2023] [ssl:warn] [pid 21804:tid 376] AH01909: www.example.com:443:0 server certificate does NOT include an ID which matches the server name
[Sat Dec 16 19:36:08.915998 2023] [core:warn] [pid 21804:tid 376] AH00098: pid file C:/Users/SAMEER/OneDrive/Desktop/nn/apache/logs/httpd.pid overwritten -- Unclean shutdown of previous Apache run?
[Sat Dec 16 19:36:08.915998 2023] [ssl:warn] [pid 21804:tid 376] AH01909: www.example.com:443:0 server certificate does NOT include an ID which matches the server name
[Sat Dec 16 19:36:09.293162 2023] [mpm_winnt:notice] [pid 21804:tid 376] AH00455: Apache/2.4.58 (Win64) OpenSSL/3.1.3 PHP/8.2.12 configured -- resuming normal operations
[Sat Dec 16 19:36:09.293162 2023] [mpm_winnt:notice] [pid 21804:tid 376] AH00456: Apache Lounge VS17 Server built: Oct 18 2023 13:03:18
[Sat Dec 16 19:36:09.293162 2023] [core:notice] [pid 21804:tid 376] AH00094: Command line: 'c:\\users\\sameer\\onedrive\\desktop\\nn\\apache\\bin\\httpd.exe -d C:/Users/SAMEER/OneDrive/Desktop/nn/apache'
[Sat Dec 16 19:36:09.293162 2023] [mpm_winnt:notice] [pid 21804:tid 376] AH00418: Parent: Created child process 20244
[Sat Dec 16 19:36:09.591646 2023] [ssl:warn] [pid 20244:tid 376] AH01909: www.example.com:443:0 server certificate does NOT include an ID which matches the server name
[Sat Dec 16 19:36:09.655761 2023] [ssl:warn] [pid 20244:tid 376] AH01909: www.example.com:443:0 server certificate does NOT include an ID which matches the server name
[Sat Dec 16 19:36:09.716821 2023] [mpm_winnt:notice] [pid 20244:tid 376] AH00354: Child: Starting 150 worker threads.
